<html>
<body>
<pre>
<h1>µVision Build Log</h1>
<h2>Tool Versions:</h2>
IDE-Version: ¶ÃVision V5.30.0.0
Copyright (C) 2020 ARM Ltd and ARM Germany GmbH. All rights reserved.
License Information: sddafd e2e, adsaasda, LIC=14HV2-9NMIX-63KMB-24N70-HGE9X-ZW7UU
 
Tool Versions:
Toolchain:       MDK-ARM Plus  Version: 5.30.0.0
Toolchain Path:  C:\Keil_v5\ARM\ARMCC\Bin
C Compiler:      Armcc.exe V5.06 update 6 (build 750)
Assembler:       Armasm.exe V5.06 update 6 (build 750)
Linker/Locator:  ArmLink.exe V5.06 update 6 (build 750)
Library Manager: ArmAr.exe V5.06 update 6 (build 750)
Hex Converter:   FromElf.exe V5.06 update 6 (build 750)
CPU DLL:         SARMCM3.DLL V5.30.0.0
Dialog DLL:      DARMCM1.DLL V1.19.3.0
Target DLL:      Segger\JL2CM3.dll V2.99.38.0
Dialog DLL:      TARMCM1.DLL V1.14.2.0
 
<h2>Project:</h2>
C:\Users\vboxuser\Desktop\HC32F005\Mine\From-the-start\HC32F005\HC32F005-Exemple\example\uart\uart_int-ymodem\MDK\uart_int.uvprojx
Project File Date:  07/01/2024

<h2>Output:</h2>
*** Using Compiler 'V5.06 update 6 (build 750)', folder: 'C:\Keil_v5\ARM\ARMCC\Bin'
Build target 'uart_int_Release'
compiling xyzmodem.c...
..\..\..\..\driver\src\xyzmodem.c(140): warning:  #223-D: function "Uart_SendByte" declared implicitly
  		Uart_SendByte(xyzmodem_uartx,'\r');
..\..\..\..\driver\src\xyzmodem.c(140): error:  #20: identifier "UARTCH0" is undefined
  		Uart_SendByte(xyzmodem_uartx,'\r');
..\..\..\..\driver\src\xyzmodem.c(142): warning:  #223-D: function "Uart_SendByte" declared implicitly
  	Uart_SendByte(xyzmodem_uartx,(unsigned char)data); // ‰ΩøÁî®‰∏≤Âè£Áõ¥Êé•ÂèëÈÄÅ
..\..\..\..\driver\src\xyzmodem.c(142): error:  #20: identifier "UARTCH0" is undefined
  	Uart_SendByte(xyzmodem_uartx,(unsigned char)data); // ‰ΩøÁî®‰∏≤Âè£Áõ¥Êé•ÂèëÈÄÅ
..\..\..\..\driver\src\xyzmodem.c(351): warning:  #69-D: integer conversion resulted in truncation
              CYGACC_CALL_IF_DELAY_US(250000);
..\..\..\..\driver\src\xyzmodem.c(495): warning:  #69-D: integer conversion resulted in truncation
              CYGACC_CALL_IF_DELAY_US(5 * 100000);
..\..\..\..\driver\src\xyzmodem.c(525): warning:  #514-D: pointless comparison of unsigned integer with a negative constant
                      (xyz.bufp[xyz.len - 1] == EOF) &&
..\..\..\..\driver\src\xyzmodem.c(526): warning:  #514-D: pointless comparison of unsigned integer with a negative constant
                      (xyz.bufp[xyz.len - 2] == EOF) &&
..\..\..\..\driver\src\xyzmodem.c(527): warning:  #514-D: pointless comparison of unsigned integer with a negative constant
                      (xyz.bufp[xyz.len - 3] == EOF)) {
..\..\..\..\driver\src\xyzmodem.c(529): warning:  #514-D: pointless comparison of unsigned integer with a negative constant
                          (xyz.bufp[xyz.len - 1] == EOF)) {
..\..\..\..\driver\src\xyzmodem.c(657): warning:  #69-D: integer conversion resulted in truncation
      CYGACC_CALL_IF_DELAY_US(250000);
..\..\..\..\driver\src\xyzmodem.c(641): warning:  #550-D: variable "c"  was set but never used
      int c;
..\..\..\..\driver\src\xyzmodem.c(582): warning:  #177-D: function "xyzmodem_stream_read"  was declared but never referenced
  static int xyzmodem_stream_read(char *buf, int size, int *err)
..\..\..\..\driver\src\xyzmodem.c: 11 warnings, 2 errors
compiling main.c...
..\source\main.c(130): warning:  #223-D: function "uart_ndmairq_get" declared implicitly
     uart_ndma_irqsrc = uart_ndmairq_get();
..\source\main.c(133): error:  #20: identifier "reg_uart_status1" is undefined
         if(reg_uart_status1&FLD_UART_RX_BUF_IRQ)
..\source\main.c(133): error:  #20: identifier "FLD_UART_RX_BUF_IRQ" is undefined
         if(reg_uart_status1&FLD_UART_RX_BUF_IRQ)
..\source\main.c(178): error:  #20: identifier "ymodem_start_flag" is undefined
     if(ymodem_start_flag == 1){
..\source\main.c(198): warning:  #223-D: function "wd_stop" declared implicitly
         wd_stop();
..\source\main.c(199): warning:  #223-D: function "ymodem_download_mask" declared implicitly
          ymodem_download_mask(); // ‰∏ãËΩΩ 9073 mask id
..\source\main.c(200): warning:  #223-D: function "wd_start" declared implicitly
          wd_start();
..\source\main.c: 4 warnings, 3 errors
".\output\release\uart_int.axf" - 5 Error(s), 15 Warning(s).

<h2>Software Packages used:</h2>

Package Vendor: ARM
                http://www.keil.com/pack/ARM.CMSIS.5.7.0.pack
                ARM.CMSIS.5.7.0
                CMSIS (Cortex Microcontroller Software Interface Standard)
   * Component: CORE Version: 5.4.0

Package Vendor: HDSC
                https://raw.githubusercontent.com/hdscmcu/pack/master/HDSC.HC32F005.1.0.1.pack
                HDSC.HC32F005.1.0.1
                HC32F005 ARM Cortex-M0+ Device Family Pack

<h2>Collection of Component include folders:</h2>
  .\RTE\_uart_int_Release
  C:\Users\vboxuser\AppData\Local\Arm\Packs\ARM\CMSIS\5.7.0\CMSIS\Core\Include
  C:\Users\vboxuser\AppData\Local\Arm\Packs\HDSC\HC32F005\1.0.1\Device\Include

<h2>Collection of Component Files used:</h2>

   * Component: ARM::CMSIS:CORE:5.4.0
Target not created.
Build Time Elapsed:  00:00:00
</pre>
</body>
</html>
